00:00:00.001671 main     VirtualBox XPCOM Server 6.1.50_Ubuntu r161033 linux.amd64 (Jan 23 2024 12:29:45) release log
00:00:00.003425 main     Log opened 2024-03-26T01:59:39.640818000Z
00:00:00.003428 main     Build Type: release
00:00:00.003433 main     OS Product: Linux
00:00:00.003433 main     OS Release: 6.5.0-26-generic
00:00:00.003434 main     OS Version: #26~22.04.1-Ubuntu SMP PREEMPT_DYNAMIC Tue Mar 12 10:22:43 UTC 2
00:00:00.003470 main     DMI Product Name: VMware Virtual Platform
00:00:00.003475 main     DMI Product Version: None
00:00:00.003482 main     Firmware type: BIOS
00:00:00.003530 main     Host RAM: 3870MB (3.7GB) total, 473MB available
00:00:00.003549 main     Executable: /usr/lib/virtualbox/VBoxSVC
00:00:00.003550 main     Process ID: 12477
00:00:00.003550 main     Package type: LINUX_64BITS_GENERIC (OSE)
00:00:00.005560 main     IPC socket path: /tmp/.vbox-souhail-ipc/ipcd
00:00:00.123048 nspr-2   VirtualBox: object creation starts
00:00:00.123313 nspr-2   Home directory: '/home/souhail/.config/VirtualBox'
00:00:00.153883 nspr-2   HostDnsMonitor: initializing
00:00:00.154623 nspr-2   NAT: resolv.conf: nameserver 127.0.0.53
00:00:00.154638 nspr-2   NAT: resolv.conf: ignoring "options edns0 trust-ad"
00:00:00.159571 nspr-2   HostDnsMonitor: updating information
00:00:00.160160 nspr-2   HostDnsMonitor: old information
00:00:00.160165 nspr-2     no server entries
00:00:00.160167 nspr-2     no domain set
00:00:00.160168 nspr-2     no search string entries
00:00:00.160170 nspr-2   HostDnsMonitor: new information
00:00:00.160171 nspr-2     server 1: 127.0.0.53
00:00:00.160173 nspr-2     domain: localdomain
00:00:00.160174 nspr-2     search string 1: localdomain
00:00:00.189848 nspr-2   VD: VDInit finished with VINF_SUCCESS
00:00:00.197592 nspr-2   ERROR [COM]: aRC=NS_ERROR_FAILURE (0x80004005) aIID={027bc463-929c-40e8-bf16-fea557cd8e7e} aComponent={SystemPropertiesWrap} aText={Cannot determine default Guest Additions ISO location. Most likely they are not available}, preserve=false aResultDetail=0
00:00:00.198729 nspr-2   VirtualBox: object created
00:01:03.035857 nspr-3   Saving settings file "/home/souhail/.config/VirtualBox/VirtualBox.xml" with version "1.12-linux"
00:01:03.040798 nspr-3   Saving settings file "/home/souhail/.config/VirtualBox/VirtualBox.xml" with version "1.12-linux"
00:01:03.044238 nspr-3   Saving settings file "/home/souhail/.config/VirtualBox/VirtualBox.xml" with version "1.12-linux"
00:01:03.056148 nspr-4   Saving settings file "/home/souhail/.config/VirtualBox/VirtualBox.xml" with version "1.12-linux"
00:01:03.067385 nspr-2   Saving settings file "/home/souhail/.config/VirtualBox/VirtualBox.xml" with version "1.12-linux"
00:01:03.070921 nspr-3   Saving settings file "/home/souhail/.config/VirtualBox/VirtualBox.xml" with version "1.12-linux"
00:01:03.074649 nspr-5   Saving settings file "/home/souhail/.config/VirtualBox/VirtualBox.xml" with version "1.12-linux"
00:01:08.608762 main     VirtualBox: object deletion starts
00:01:08.609143 main     HostDnsMonitor: shutting down ...
00:01:08.609585 main     HostDnsMonitor: shut down
00:01:08.949394 Watcher  ERROR [COM]: aRC=E_ACCESSDENIED (0x80070005) aIID={d0a0163f-e254-4e5b-a1f2-011cf991c38d} aComponent={VirtualBoxWrap} aText={The object is not ready}, preserve=false aResultDetail=0
00:01:13.610114 main     {000071d92c0156a0} HostPowerServiceLinux::~HostPowerServiceLinux: RTThreadWait() for 5000 ms failed with VERR_TIMEOUT
00:01:13.623077 main     VirtualBox: object deleted
